e:\vscode\thundershiengine\bin-int\debug-x64\thundershiengine\vc142.pdb
e:\vscode\thundershiengine\bin-int\debug-x64\thundershiengine\vc142.idb
e:\vscode\thundershiengine\bin-int\debug-x64\thundershiengine\test.obj
e:\学习资源\临时文件\thundershiengine\bin-int\debug-x64\thundershiengine\vc142.pdb
e:\学习资源\临时文件\thundershiengine\bin-int\debug-x64\thundershiengine\vc142.idb
e:\学习资源\临时文件\thundershiengine\bin-int\debug-x64\thundershiengine\test.obj
e:\vscode\thundershiengine\bin-int\debug-x64\thundershiengine\thundershiengine.ilk
e:\vscode\thundershiengine\bin\debug-x64\thundershiengine\thundershiengine.dll
e:\vscode\thundershiengine\bin\debug-x64\thundershiengine\thundershiengine.pdb
e:\学习资源\临时文件\thundershiengine\bin\debug-x64\thundershiengine\thundershiengine.dll
e:\学习资源\临时文件\thundershiengine\bin-int\debug-x64\thundershiengine\thundershiengine.ilk
e:\学习资源\临时文件\thundershiengine\bin\debug-x64\thundershiengine\thundershiengine.pdb
e:\vscode\thundershiengine\bin\debug-x64\thundershiengine\thundershiengine.lib
e:\vscode\thundershiengine\bin\debug-x64\thundershiengine\thundershiengine.exp
e:\学习资源\临时文件\thundershiengine\bin\debug-x64\thundershiengine\thundershiengine.lib
e:\学习资源\临时文件\thundershiengine\bin\debug-x64\thundershiengine\thundershiengine.exp
e:\学习资源\临时文件\thundershiengine\bin-int\debug-x64\thundershiengine\thundershiengine.tlog\cl.command.1.tlog
e:\学习资源\临时文件\thundershiengine\bin-int\debug-x64\thundershiengine\thundershiengine.tlog\cl.read.1.tlog
e:\学习资源\临时文件\thundershiengine\bin-int\debug-x64\thundershiengine\thundershiengine.tlog\cl.write.1.tlog
e:\学习资源\临时文件\thundershiengine\bin-int\debug-x64\thundershiengine\thundershiengine.tlog\link.command.1.tlog
e:\学习资源\临时文件\thundershiengine\bin-int\debug-x64\thundershiengine\thundershiengine.tlog\link.read.1.tlog
e:\学习资源\临时文件\thundershiengine\bin-int\debug-x64\thundershiengine\thundershiengine.tlog\link.write.1.tlog
e:\学习资源\临时文件\thundershiengine\bin-int\debug-x64\thundershiengine\thundershiengine.tlog\thundershiengine.write.1u.tlog
